16:51:52.002590900 Balance changed: $0.0 >>> $2.0
16:52:11.854304700 GHANGE GIVEN: $2.0 >>> $0.0
16:52:49.096423700 Balance changed: $0.0 >>> $6.0
16:52:52.204713500 Potato Crisps A1 $6.0 >>> $2.95
16:52:52.205783300 Balance changed: $6.0 >>> $2.95
16:52:54.032021600 GHANGE GIVEN: $2.95 >>> $-0.049999999999999836
17:05:58.174207500 Balance changed: $0.0 >>> $7.0
17:06:00.264681 Potato Crisps A1 $7.0 >>> $3.95
17:06:00.266427500 Balance changed: $7.0 >>> $3.95
17:06:11.865883800 Balance changed: $0.0 >>> $78.0
17:06:16.862910400 Potato Crisps A1 $78.0 >>> $74.95
17:06:16.863944300 Balance changed: $78.0 >>> $74.95
17:06:21.124333 Chiclets D3 $74.95 >>> $74.2
17:06:21.125937400 Balance changed: $74.95 >>> $74.2
17:06:22.972578700 U-Chews D1 $74.2 >>> $73.35000000000001
17:06:22.974124900 Balance changed: $74.2 >>> $73.35000000000001
17:06:24.744013500 U-Chews D1 $73.35000000000001 >>> $72.50000000000001
17:06:24.746074800 Balance changed: $73.35000000000001 >>> $72.50000000000001
17:06:29.004982900 Wonka Bar B3 $72.50000000000001 >>> $71.00000000000001
17:06:29.006032900 Balance changed: $72.50000000000001 >>> $71.00000000000001
17:06:30.634626900 GHANGE GIVEN: $71.00000000000001 >>> $-0.04999999999998579
